This file contains any messages produced by compilers while
running configure, to aid debugging if configure makes a mistake.

It was created by gst-openmax configure 0.10.1-22-g97277fc, which was
generated by GNU Autoconf 2.68.  Invocation command line was

  $ ./configure --enable-maintainer-mode

## --------- ##
## Platform. ##
## --------- ##

hostname = localhost.localdomain
uname -m = x86_64
uname -r = 3.6.3-1.fc17.x86_64
uname -s = Linux
uname -v = #1 SMP Mon Oct 22 15:32:35 UTC 2012

/usr/bin/uname -p = x86_64
/bin/uname -X     = unknown

/bin/arch              = x86_64
/usr/bin/arch -k       = unknown
/usr/convex/getsysinfo = unknown
/usr/bin/hostinfo      = unknown
/bin/machine           = unknown
/usr/bin/oslevel       = unknown
/bin/universe          = unknown

PATH: /usr/lib64/ccache
PATH: /usr/local/bin
PATH: /usr/bin
PATH: /bin
PATH: /usr/local/sbin
PATH: /usr/sbin
PATH: /home/amartinenco/.local/bin
PATH: /home/amartinenco/bin


## ----------- ##
## Core tests. ##
## ----------- ##

configure:2267: checking for a BSD-compatible install
configure:2335: result: /usr/bin/install -c
configure:2346: checking whether build environment is sane
configure:2396: result: yes
configure:2537: checking for a thread-safe mkdir -p
configure:2576: result: /usr/bin/mkdir -p
configure:2589: checking for gawk
configure:2605: found /usr/bin/gawk
configure:2616: result: gawk
configure:2627: checking whether make sets $(MAKE)
configure:2649: result: yes
configure:2736: checking whether to enable maintainer-specific portions of Makefiles
configure:2745: result: yes
configure:2763: checking build system type
configure:2777: result: x86_64-unknown-linux-gnu
configure:2797: checking host system type
configure:2810: result: x86_64-unknown-linux-gnu
configure:2842: checking whether make supports nested variables
configure:2859: result: yes
configure:2919: checking for gcc
configure:2935: found /usr/lib64/ccache/gcc
configure:2946: result: gcc
configure:3175: checking for C compiler version
configure:3184: gcc --version >&5
gcc (GCC) 4.7.2 20120921 (Red Hat 4.7.2-2)
Copyright (C) 2012 Free Software Foundation, Inc.
This is free software; see the source for copying conditions.  There is NO
warranty; not even for MERCHANTABILITY or FITNESS FOR A PARTICULAR PURPOSE.

configure:3195: $? = 0
configure:3184: gcc -v >&5
Using built-in specs.
COLLECT_GCC=/usr/bin/gcc
COLLECT_LTO_WRAPPER=/usr/libexec/gcc/x86_64-redhat-linux/4.7.2/lto-wrapper
Target: x86_64-redhat-linux
Configured with: ../configure --prefix=/usr --mandir=/usr/share/man --infodir=/usr/share/info --with-bugurl=http://bugzilla.redhat.com/bugzilla --enable-bootstrap --enable-shared --enable-threads=posix --enable-checking=release --disable-build-with-cxx --disable-build-poststage1-with-cxx --with-system-zlib --enable-__cxa_atexit --disable-libunwind-exceptions --enable-gnu-unique-object --enable-linker-build-id --with-linker-hash-style=gnu --enable-languages=c,c++,objc,obj-c++,java,fortran,ada,go,lto --enable-plugin --enable-initfini-array --enable-java-awt=gtk --disable-dssi --with-java-home=/usr/lib/jvm/java-1.5.0-gcj-1.5.0.0/jre --enable-libgcj-multifile --enable-java-maintainer-mode --with-ecj-jar=/usr/share/java/eclipse-ecj.jar --disable-libjava-multilib --with-ppl --with-cloog --with-tune=generic --with-arch_32=i686 --build=x86_64-redhat-linux
Thread model: posix
gcc version 4.7.2 20120921 (Red Hat 4.7.2-2) (GCC) 
configure:3195: $? = 0
configure:3184: gcc -V >&5
gcc: error: unrecognized command line option '-V'
gcc: fatal error: no input files
compilation terminated.
configure:3195: $? = 4
configure:3184: gcc -qversion >&5
gcc: error: unrecognized command line option '-qversion'
gcc: fatal error: no input files
compilation terminated.
configure:3195: $? = 4
configure:3215: checking whether the C compiler works
configure:3237: gcc    conftest.c  >&5
configure:3241: $? = 0
configure:3289: result: yes
configure:3292: checking for C compiler default output file name
configure:3294: result: a.out
configure:3300: checking for suffix of executables
configure:3307: gcc -o conftest    conftest.c  >&5
configure:3311: $? = 0
configure:3333: result: 
configure:3355: checking whether we are cross compiling
configure:3363: gcc -o conftest    conftest.c  >&5
configure:3367: $? = 0
configure:3374: ./conftest
configure:3378: $? = 0
configure:3393: result: no
configure:3398: checking for suffix of object files
configure:3420: gcc -c   conftest.c >&5
configure:3424: $? = 0
configure:3445: result: o
configure:3449: checking whether we are using the GNU C compiler
configure:3468: gcc -c   conftest.c >&5
configure:3468: $? = 0
configure:3477: result: yes
configure:3486: checking whether gcc accepts -g
configure:3506: gcc -c -g  conftest.c >&5
configure:3506: $? = 0
configure:3547: result: yes
configure:3564: checking for gcc option to accept ISO C89
configure:3628: gcc  -c -g -O2  conftest.c >&5
configure:3628: $? = 0
configure:3641: result: none needed
configure:3672: checking for style of include used by make
configure:3700: result: GNU
configure:3726: checking dependency style of gcc
configure:3837: result: gcc3
configure:3853: checking whether gcc and cc understand -c and -o together
configure:3884: gcc -c conftest.c -o conftest2.o >&5
configure:3888: $? = 0
configure:3894: gcc -c conftest.c -o conftest2.o >&5
configure:3898: $? = 0
configure:3909: cc -c conftest.c >&5
configure:3913: $? = 0
configure:3921: cc -c conftest.c -o conftest2.o >&5
configure:3925: $? = 0
configure:3931: cc -c conftest.c -o conftest2.o >&5
configure:3935: $? = 0
configure:3953: result: yes
configure:4025: checking how to print strings
configure:4052: result: printf
configure:4073: checking for a sed that does not truncate output
configure:4137: result: /usr/bin/sed
configure:4155: checking for grep that handles long lines and -e
configure:4213: result: /usr/bin/grep
configure:4218: checking for egrep
configure:4280: result: /usr/bin/grep -E
configure:4285: checking for fgrep
configure:4347: result: /usr/bin/grep -F
configure:4382: checking for ld used by gcc
configure:4449: result: /usr/bin/ld
configure:4456: checking if the linker (/usr/bin/ld) is GNU ld
configure:4471: result: yes
configure:4483: checking for BSD- or MS-compatible name lister (nm)
configure:4532: result: /usr/bin/nm -B
configure:4662: checking the name lister (/usr/bin/nm -B) interface
configure:4669: gcc -c -g -O2  conftest.c >&5
configure:4672: /usr/bin/nm -B "conftest.o"
configure:4675: output
0000000000000000 B some_variable
configure:4682: result: BSD nm
configure:4685: checking whether ln -s works
configure:4689: result: yes
configure:4697: checking the maximum length of command line arguments
configure:4827: result: 1572864
configure:4844: checking whether the shell understands some XSI constructs
configure:4854: result: yes
configure:4858: checking whether the shell understands "+="
configure:4864: result: yes
configure:4899: checking how to convert x86_64-unknown-linux-gnu file names to x86_64-unknown-linux-gnu format
configure:4939: result: func_convert_file_noop
configure:4946: checking how to convert x86_64-unknown-linux-gnu file names to toolchain format
configure:4966: result: func_convert_file_noop
configure:4973: checking for /usr/bin/ld option to reload object files
configure:4980: result: -r
configure:5054: checking for objdump
configure:5070: found /usr/bin/objdump
configure:5081: result: objdump
configure:5113: checking how to recognize dependent libraries
configure:5315: result: pass_all
configure:5400: checking for dlltool
configure:5430: result: no
configure:5460: checking how to associate runtime and link libraries
configure:5487: result: printf %s\n
configure:5548: checking for ar
configure:5564: found /usr/bin/ar
configure:5575: result: ar
configure:5612: checking for archiver @FILE support
configure:5629: gcc -c -g -O2  conftest.c >&5
configure:5629: $? = 0
configure:5632: ar cru libconftest.a @conftest.lst >&5
configure:5635: $? = 0
configure:5640: ar cru libconftest.a @conftest.lst >&5
ar: conftest.o: No such file or directory
configure:5643: $? = 1
configure:5655: result: @
configure:5713: checking for strip
configure:5729: found /usr/bin/strip
configure:5740: result: strip
configure:5812: checking for ranlib
configure:5828: found /usr/bin/ranlib
configure:5839: result: ranlib
configure:5941: checking command to parse /usr/bin/nm -B output from gcc object
configure:6061: gcc -c -g -O2  conftest.c >&5
configure:6064: $? = 0
configure:6068: /usr/bin/nm -B conftest.o \| sed -n -e 's/^.*[ ]\([ABCDGIRSTW][ABCDGIRSTW]*\)[ ][ ]*\([_A-Za-z][_A-Za-z0-9]*\)$/\1 \2 \2/p' | sed '/ __gnu_lto/d' \> conftest.nm
configure:6071: $? = 0
configure:6137: gcc -o conftest -g -O2   conftest.c conftstm.o >&5
configure:6140: $? = 0
configure:6178: result: ok
configure:6215: checking for sysroot
configure:6245: result: no
configure:6322: gcc -c -g -O2  conftest.c >&5
configure:6325: $? = 0
configure:6501: checking for mt
configure:6531: result: no
configure:6551: checking if : is a manifest tool
configure:6557: : '-?'
configure:6565: result: no
configure:7207: checking how to run the C preprocessor
configure:7238: gcc -E  conftest.c
configure:7238: $? = 0
configure:7252: gcc -E  conftest.c
conftest.c:11:28: fatal error: ac_nonexistent.h: No such file or directory
compilation terminated.
configure:7252: $? = 1
configure: failed program was:
| /* confdefs.h */
| #define PACKAGE_NAME "gst-openmax"
| #define PACKAGE_TARNAME "gst-openmax"
| #define PACKAGE_VERSION "0.10.1-22-g97277fc"
| #define PACKAGE_STRING "gst-openmax 0.10.1-22-g97277fc"
| #define PACKAGE_BUGREPORT "http://bugzilla.gnome.org/enter_bug.cgi?product=GStreamer&component=gst-openmax"
| #define PACKAGE_URL ""
| #define PACKAGE "gst-openmax"
| #define VERSION "0.10.1-22-g97277fc"
| /* end confdefs.h.  */
| #include <ac_nonexistent.h>
configure:7277: result: gcc -E
configure:7297: gcc -E  conftest.c
configure:7297: $? = 0
configure:7311: gcc -E  conftest.c
conftest.c:11:28: fatal error: ac_nonexistent.h: No such file or directory
compilation terminated.
configure:7311: $? = 1
configure: failed program was:
| /* confdefs.h */
| #define PACKAGE_NAME "gst-openmax"
| #define PACKAGE_TARNAME "gst-openmax"
| #define PACKAGE_VERSION "0.10.1-22-g97277fc"
| #define PACKAGE_STRING "gst-openmax 0.10.1-22-g97277fc"
| #define PACKAGE_BUGREPORT "http://bugzilla.gnome.org/enter_bug.cgi?product=GStreamer&component=gst-openmax"
| #define PACKAGE_URL ""
| #define PACKAGE "gst-openmax"
| #define VERSION "0.10.1-22-g97277fc"
| /* end confdefs.h.  */
| #include <ac_nonexistent.h>
configure:7340: checking for ANSI C header files
configure:7360: gcc -c -g -O2  conftest.c >&5
configure:7360: $? = 0
configure:7433: gcc -o conftest -g -O2   conftest.c  >&5
configure:7433: $? = 0
configure:7433: ./conftest
configure:7433: $? = 0
configure:7444: result: yes
configure:7457: checking for sys/types.h
configure:7457: gcc -c -g -O2  conftest.c >&5
configure:7457: $? = 0
configure:7457: result: yes
configure:7457: checking for sys/stat.h
configure:7457: gcc -c -g -O2  conftest.c >&5
configure:7457: $? = 0
configure:7457: result: yes
configure:7457: checking for stdlib.h
configure:7457: gcc -c -g -O2  conftest.c >&5
configure:7457: $? = 0
configure:7457: result: yes
configure:7457: checking for string.h
configure:7457: gcc -c -g -O2  conftest.c >&5
configure:7457: $? = 0
configure:7457: result: yes
configure:7457: checking for memory.h
configure:7457: gcc -c -g -O2  conftest.c >&5
configure:7457: $? = 0
configure:7457: result: yes
configure:7457: checking for strings.h
configure:7457: gcc -c -g -O2  conftest.c >&5
configure:7457: $? = 0
configure:7457: result: yes
configure:7457: checking for inttypes.h
configure:7457: gcc -c -g -O2  conftest.c >&5
configure:7457: $? = 0
configure:7457: result: yes
configure:7457: checking for stdint.h
configure:7457: gcc -c -g -O2  conftest.c >&5
configure:7457: $? = 0
configure:7457: result: yes
configure:7457: checking for unistd.h
configure:7457: gcc -c -g -O2  conftest.c >&5
configure:7457: $? = 0
configure:7457: result: yes
configure:7471: checking for dlfcn.h
configure:7471: gcc -c -g -O2  conftest.c >&5
configure:7471: $? = 0
configure:7471: result: yes
configure:7677: checking for objdir
configure:7692: result: .libs
configure:7963: checking if gcc supports -fno-rtti -fno-exceptions
configure:7981: gcc -c -g -O2  -fno-rtti -fno-exceptions conftest.c >&5
cc1: warning: command line option '-fno-rtti' is valid for C++/ObjC++ but not for C [enabled by default]
cc1: warning: command line option '-fno-rtti' is valid for C++/ObjC++ but not for C [enabled by default]
configure:7985: $? = 0
configure:7998: result: no
configure:8325: checking for gcc option to produce PIC
configure:8332: result: -fPIC -DPIC
configure:8340: checking if gcc PIC flag -fPIC -DPIC works
configure:8358: gcc -c -g -O2  -fPIC -DPIC -DPIC conftest.c >&5
configure:8362: $? = 0
configure:8375: result: yes
configure:8404: checking if gcc static flag -static works
configure:8432: result: no
configure:8447: checking if gcc supports -c -o file.o
configure:8468: gcc -c -g -O2  -o out/conftest2.o conftest.c >&5
configure:8472: $? = 0
configure:8494: result: yes
configure:8502: checking if gcc supports -c -o file.o
configure:8549: result: yes
configure:8582: checking whether the gcc linker (/usr/bin/ld -m elf_x86_64) supports shared libraries
configure:9735: result: yes
configure:9772: checking whether -lc should be explicitly linked in
configure:9780: gcc -c -g -O2  conftest.c >&5
configure:9783: $? = 0
configure:9798: gcc -shared  -fPIC -DPIC conftest.o  -v -Wl,-soname -Wl,conftest -o conftest 2\>\&1 \| /usr/bin/grep  -lc  \>/dev/null 2\>\&1
configure:9801: $? = 0
configure:9815: result: no
configure:9975: checking dynamic linker characteristics
configure:10486: gcc -o conftest -g -O2   -Wl,-rpath -Wl,/foo conftest.c  >&5
configure:10486: $? = 0
configure:10712: result: GNU/Linux ld.so
configure:10819: checking how to hardcode library paths into programs
configure:10844: result: immediate
configure:11384: checking whether stripping libraries is possible
configure:11389: result: yes
configure:11424: checking if libtool supports shared libraries
configure:11426: result: yes
configure:11429: checking whether to build shared libraries
configure:11450: result: yes
configure:11453: checking whether to build static libraries
configure:11457: result: yes
configure:11544: checking for pkg-config
configure:11562: found /usr/bin/pkg-config
configure:11574: result: /usr/bin/pkg-config
configure:11599: checking pkg-config is at least version 0.9.0
configure:11602: result: yes
configure:11613: checking for CHECK
configure:11621: $PKG_CONFIG --exists --print-errors "check"
configure:11624: $? = 0
configure:11639: $PKG_CONFIG --exists --print-errors "check"
configure:11642: $? = 0
configure:11678: result: yes
configure:11690: checking to see if compiler understands 
configure:11707: gcc -c -g -O2   conftest.c >&5
configure:11707: $? = 0
configure:11722: result: yes
configure:11731: checking to see if compiler understands -Wall
configure:11748: gcc -c -g -O2 -Wall  conftest.c >&5
configure:11748: $? = 0
configure:11763: result: yes
configure:11768: checking to see if compiler understands -Wdeclaration-after-statement
configure:11785: gcc -c -g -O2 -Wdeclaration-after-statement  conftest.c >&5
configure:11785: $? = 0
configure:11800: result: yes
configure:11805: checking to see if compiler understands -Wvla
configure:11822: gcc -c -g -O2 -Wvla  conftest.c >&5
configure:11822: $? = 0
configure:11837: result: yes
configure:11842: checking to see if compiler understands -Wpointer-arith
configure:11859: gcc -c -g -O2 -Wpointer-arith  conftest.c >&5
configure:11859: $? = 0
configure:11874: result: yes
configure:11881: checking to see if compiler understands -Werror
configure:11898: gcc -c -g -O2 -Werror  conftest.c >&5
configure:11898: $? = 0
configure:11913: result: yes
configure:12004: $PKG_CONFIG --exists --print-errors "glib-2.0 < 2.19.8"
Requested 'glib-2.0 < 2.19.8' but version of GLib is 2.32.4
configure:12007: $? = 1
configure:12052: set ERROR_CFLAGS to -Wall -Wdeclaration-after-statement -Wvla -Wpointer-arith -Werror
configure:12058: checking whether NLS is requested
configure:12067: result: yes
configure:12108: checking for msgfmt
configure: trying /usr/bin/msgfmt...
0 translated messages.
configure:12140: result: /usr/bin/msgfmt
configure:12149: checking for gmsgfmt
configure:12180: result: /usr/bin/msgfmt
configure:12231: checking for xgettext
configure: trying /usr/bin/xgettext...
/usr/bin/xgettext: warning: file `/dev/null' extension `' is unknown; will try C
configure:12263: result: /usr/bin/xgettext
configure:12309: checking for msgmerge
configure: trying /usr/bin/msgmerge...
configure:12340: result: /usr/bin/msgmerge
configure:12397: checking for ld used by GCC
configure:12461: result: /usr/bin/ld -m elf_x86_64
configure:12468: checking if the linker (/usr/bin/ld -m elf_x86_64) is GNU ld
configure:12481: result: yes
configure:12488: checking for shared library run path origin
configure:12501: result: done
configure:13002: checking for CFPreferencesCopyAppValue
configure:13020: gcc -o conftest -g -O2   conftest.c  -Wl,-framework -Wl,CoreFoundation >&5
conftest.c:23:42: fatal error: CoreFoundation/CFPreferences.h: No such file or directory
compilation terminated.
configure:13020: $? = 1
configure: failed program was:
| /* confdefs.h */
| #define PACKAGE_NAME "gst-openmax"
| #define PACKAGE_TARNAME "gst-openmax"
| #define PACKAGE_VERSION "0.10.1-22-g97277fc"
| #define PACKAGE_STRING "gst-openmax 0.10.1-22-g97277fc"
| #define PACKAGE_BUGREPORT "http://bugzilla.gnome.org/enter_bug.cgi?product=GStreamer&component=gst-openmax"
| #define PACKAGE_URL ""
| #define PACKAGE "gst-openmax"
| #define VERSION "0.10.1-22-g97277fc"
| #define STDC_HEADERS 1
| #define HAVE_SYS_TYPES_H 1
| #define HAVE_SYS_STAT_H 1
| #define HAVE_STDLIB_H 1
| #define HAVE_STRING_H 1
| #define HAVE_MEMORY_H 1
| #define HAVE_STRINGS_H 1
| #define HAVE_INTTYPES_H 1
| #define HAVE_STDINT_H 1
| #define HAVE_UNISTD_H 1
| #define HAVE_DLFCN_H 1
| #define LT_OBJDIR ".libs/"
| /* end confdefs.h.  */
| #include <CoreFoundation/CFPreferences.h>
| int
| main ()
| {
| CFPreferencesCopyAppValue(NULL, NULL)
|   ;
|   return 0;
| }
configure:13029: result: no
configure:13036: checking for CFLocaleCopyCurrent
configure:13054: gcc -o conftest -g -O2   conftest.c  -Wl,-framework -Wl,CoreFoundation >&5
conftest.c:23:37: fatal error: CoreFoundation/CFLocale.h: No such file or directory
compilation terminated.
configure:13054: $? = 1
configure: failed program was:
| /* confdefs.h */
| #define PACKAGE_NAME "gst-openmax"
| #define PACKAGE_TARNAME "gst-openmax"
| #define PACKAGE_VERSION "0.10.1-22-g97277fc"
| #define PACKAGE_STRING "gst-openmax 0.10.1-22-g97277fc"
| #define PACKAGE_BUGREPORT "http://bugzilla.gnome.org/enter_bug.cgi?product=GStreamer&component=gst-openmax"
| #define PACKAGE_URL ""
| #define PACKAGE "gst-openmax"
| #define VERSION "0.10.1-22-g97277fc"
| #define STDC_HEADERS 1
| #define HAVE_SYS_TYPES_H 1
| #define HAVE_SYS_STAT_H 1
| #define HAVE_STDLIB_H 1
| #define HAVE_STRING_H 1
| #define HAVE_MEMORY_H 1
| #define HAVE_STRINGS_H 1
| #define HAVE_INTTYPES_H 1
| #define HAVE_STDINT_H 1
| #define HAVE_UNISTD_H 1
| #define HAVE_DLFCN_H 1
| #define LT_OBJDIR ".libs/"
| /* end confdefs.h.  */
| #include <CoreFoundation/CFLocale.h>
| int
| main ()
| {
| CFLocaleCopyCurrent();
|   ;
|   return 0;
| }
configure:13063: result: no
configure:13112: checking for GNU gettext in libc
configure:13132: gcc -o conftest -g -O2   conftest.c  >&5
configure:13132: $? = 0
configure:13141: result: yes
configure:13887: checking whether to use NLS
configure:13889: result: yes
configure:13892: checking where the gettext function comes from
configure:13903: result: libc
configure:14053: checking for VALGRIND
configure:14061: $PKG_CONFIG --exists --print-errors "valgrind >= $VALGRIND_REQ"
Package valgrind was not found in the pkg-config search path.
Perhaps you should add the directory containing `valgrind.pc'
to the PKG_CONFIG_PATH environment variable
No package 'valgrind' found
configure:14064: $? = 1
configure:14079: $PKG_CONFIG --exists --print-errors "valgrind >= $VALGRIND_REQ"
Package valgrind was not found in the pkg-config search path.
Perhaps you should add the directory containing `valgrind.pc'
to the PKG_CONFIG_PATH environment variable
No package 'valgrind' found
configure:14082: $? = 1
No package 'valgrind' found
configure:14110: result: no
configure:14114: result: no
configure:14303: Using gst-openmax source release as package name
configure:14327: Using Unknown package origin as package origin
configure:14361: checking for GTHREAD
configure:14369: $PKG_CONFIG --exists --print-errors "gthread-2.0"
configure:14372: $? = 0
configure:14387: $PKG_CONFIG --exists --print-errors "gthread-2.0"
configure:14390: $? = 0
configure:14445: result: yes
configure:14458: checking for GST
configure:14466: $PKG_CONFIG --exists --print-errors "$module >= $minver"
configure:14469: $? = 0
configure:14484: $PKG_CONFIG --exists --print-errors "$module >= $minver"
configure:14487: $? = 0
configure:14547: result: yes
configure:14561: using GStreamer tools in /usr/bin
configure:14571: using GStreamer plug-ins in /usr/lib64/gstreamer-0.10
configure:14583: checking for GST_BASE
configure:14591: $PKG_CONFIG --exists --print-errors "$module >= $minver"
configure:14594: $? = 0
configure:14609: $PKG_CONFIG --exists --print-errors "$module >= $minver"
configure:14612: $? = 0
configure:14672: result: yes
configure:14689: checking for GST_CHECK
configure:14697: $PKG_CONFIG --exists --print-errors "$module >= $minver"
configure:14700: $? = 0
configure:14715: $PKG_CONFIG --exists --print-errors "$module >= $minver"
configure:14718: $? = 0
configure:14778: result: yes
configure:14831: Using /usr/local/lib/gstreamer-0.10 as the plugin install location
configure:15006: creating ./config.status

## ---------------------- ##
## Running config.status. ##
## ---------------------- ##

This file was extended by gst-openmax config.status 0.10.1-22-g97277fc, which was
generated by GNU Autoconf 2.68.  Invocation command line was

  CONFIG_FILES    = 
  CONFIG_HEADERS  = 
  CONFIG_LINKS    = 
  CONFIG_COMMANDS = 
  $ ./config.status 

on localhost.localdomain

config.status:1174: creating Makefile
config.status:1174: creating omx/Makefile
config.status:1174: creating util/Makefile
config.status:1174: creating tests/Makefile
config.status:1174: creating tests/standalone/Makefile
config.status:1174: creating m4/Makefile
config.status:1174: creating config.h
config.status:1403: executing depfiles commands
config.status:1403: executing libtool commands
config.status:1403: executing po-directories commands

## ---------------- ##
## Cache variables. ##
## ---------------- ##

ac_cv_build=x86_64-unknown-linux-gnu
ac_cv_c_compiler_gnu=yes
ac_cv_env_CC_set=
ac_cv_env_CC_value=
ac_cv_env_CFLAGS_set=
ac_cv_env_CFLAGS_value=
ac_cv_env_CHECK_CFLAGS_set=
ac_cv_env_CHECK_CFLAGS_value=
ac_cv_env_CHECK_LIBS_set=
ac_cv_env_CHECK_LIBS_value=
ac_cv_env_CPPFLAGS_set=
ac_cv_env_CPPFLAGS_value=
ac_cv_env_CPP_set=
ac_cv_env_CPP_value=
ac_cv_env_GST_BASE_CFLAGS_set=
ac_cv_env_GST_BASE_CFLAGS_value=
ac_cv_env_GST_BASE_LIBS_set=
ac_cv_env_GST_BASE_LIBS_value=
ac_cv_env_GST_CFLAGS_set=
ac_cv_env_GST_CFLAGS_value=
ac_cv_env_GST_CHECK_CFLAGS_set=
ac_cv_env_GST_CHECK_CFLAGS_value=
ac_cv_env_GST_CHECK_LIBS_set=
ac_cv_env_GST_CHECK_LIBS_value=
ac_cv_env_GST_LIBS_set=
ac_cv_env_GST_LIBS_value=
ac_cv_env_GTHREAD_CFLAGS_set=
ac_cv_env_GTHREAD_CFLAGS_value=
ac_cv_env_GTHREAD_LIBS_set=
ac_cv_env_GTHREAD_LIBS_value=
ac_cv_env_LDFLAGS_set=
ac_cv_env_LDFLAGS_value=
ac_cv_env_LIBS_set=
ac_cv_env_LIBS_value=
ac_cv_env_PKG_CONFIG_set=
ac_cv_env_PKG_CONFIG_value=
ac_cv_env_VALGRIND_CFLAGS_set=
ac_cv_env_VALGRIND_CFLAGS_value=
ac_cv_env_VALGRIND_LIBS_set=
ac_cv_env_VALGRIND_LIBS_value=
ac_cv_env_build_alias_set=
ac_cv_env_build_alias_value=
ac_cv_env_host_alias_set=
ac_cv_env_host_alias_value=
ac_cv_env_target_alias_set=
ac_cv_env_target_alias_value=
ac_cv_header_dlfcn_h=yes
ac_cv_header_inttypes_h=yes
ac_cv_header_memory_h=yes
ac_cv_header_stdc=yes
ac_cv_header_stdint_h=yes
ac_cv_header_stdlib_h=yes
ac_cv_header_string_h=yes
ac_cv_header_strings_h=yes
ac_cv_header_sys_stat_h=yes
ac_cv_header_sys_types_h=yes
ac_cv_header_unistd_h=yes
ac_cv_host=x86_64-unknown-linux-gnu
ac_cv_objext=o
ac_cv_path_EGREP='/usr/bin/grep -E'
ac_cv_path_FGREP='/usr/bin/grep -F'
ac_cv_path_GMSGFMT=/usr/bin/msgfmt
ac_cv_path_GREP=/usr/bin/grep
ac_cv_path_MSGFMT=/usr/bin/msgfmt
ac_cv_path_MSGMERGE=/usr/bin/msgmerge
ac_cv_path_SED=/usr/bin/sed
ac_cv_path_XGETTEXT=/usr/bin/xgettext
ac_cv_path_ac_pt_PKG_CONFIG=/usr/bin/pkg-config
ac_cv_path_install='/usr/bin/install -c'
ac_cv_path_mkdir=/usr/bin/mkdir
ac_cv_prog_AWK=gawk
ac_cv_prog_CPP='gcc -E'
ac_cv_prog_ac_ct_AR=ar
ac_cv_prog_ac_ct_CC=gcc
ac_cv_prog_ac_ct_OBJDUMP=objdump
ac_cv_prog_ac_ct_RANLIB=ranlib
ac_cv_prog_ac_ct_STRIP=strip
ac_cv_prog_cc_c89=
ac_cv_prog_cc_g=yes
ac_cv_prog_cc_gcc_c_o=yes
ac_cv_prog_make_make_set=yes
acl_cv_hardcode_direct=no
acl_cv_hardcode_libdir_flag_spec='${wl}-rpath ${wl}$libdir'
acl_cv_hardcode_libdir_separator=
acl_cv_hardcode_minus_L=no
acl_cv_libext=a
acl_cv_libname_spec='lib$name'
acl_cv_library_names_spec='$libname$shrext'
acl_cv_path_LD='/usr/bin/ld -m elf_x86_64'
acl_cv_prog_gnu_ld=yes
acl_cv_rpath=done
acl_cv_shlibext=so
acl_cv_wl=-Wl,
am_cv_CC_dependencies_compiler_type=gcc3
am_cv_make_support_nested_variables=yes
gt_cv_func_CFLocaleCopyCurrent=no
gt_cv_func_CFPreferencesCopyAppValue=no
gt_cv_func_gnugettext1_libc=yes
lt_cv_ar_at_file=@
lt_cv_archive_cmds_need_lc=no
lt_cv_deplibs_check_method=pass_all
lt_cv_file_magic_cmd='$MAGIC_CMD'
lt_cv_file_magic_test_file=
lt_cv_ld_reload_flag=-r
lt_cv_nm_interface='BSD nm'
lt_cv_objdir=.libs
lt_cv_path_LD=/usr/bin/ld
lt_cv_path_NM='/usr/bin/nm -B'
lt_cv_path_mainfest_tool=no
lt_cv_prog_compiler_c_o=yes
lt_cv_prog_compiler_pic='-fPIC -DPIC'
lt_cv_prog_compiler_pic_works=yes
lt_cv_prog_compiler_rtti_exceptions=no
lt_cv_prog_compiler_static_works=no
lt_cv_prog_gnu_ld=yes
lt_cv_sharedlib_from_linklib_cmd='printf %s\n'
lt_cv_shlibpath_overrides_runpath=no
lt_cv_sys_global_symbol_pipe='sed -n -e '\''s/^.*[	 ]\([ABCDGIRSTW][ABCDGIRSTW]*\)[	 ][	 ]*\([_A-Za-z][_A-Za-z0-9]*\)$/\1 \2 \2/p'\'' | sed '\''/ __gnu_lto/d'\'''
lt_cv_sys_global_symbol_to_c_name_address='sed -n -e '\''s/^: \([^ ]*\)[ ]*$/  {\"\1\", (void *) 0},/p'\'' -e '\''s/^[ABCDGIRSTW]* \([^ ]*\) \([^ ]*\)$/  {"\2", (void *) \&\2},/p'\'''
lt_cv_sys_global_symbol_to_c_name_address_lib_prefix='sed -n -e '\''s/^: \([^ ]*\)[ ]*$/  {\"\1\", (void *) 0},/p'\'' -e '\''s/^[ABCDGIRSTW]* \([^ ]*\) \(lib[^ ]*\)$/  {"\2", (void *) \&\2},/p'\'' -e '\''s/^[ABCDGIRSTW]* \([^ ]*\) \([^ ]*\)$/  {"lib\2", (void *) \&\2},/p'\'''
lt_cv_sys_global_symbol_to_cdecl='sed -n -e '\''s/^T .* \(.*\)$/extern int \1();/p'\'' -e '\''s/^[ABCDGIRSTW]* .* \(.*\)$/extern char \1;/p'\'''
lt_cv_sys_max_cmd_len=1572864
lt_cv_to_host_file_cmd=func_convert_file_noop
lt_cv_to_tool_file_cmd=func_convert_file_noop
pkg_cv_CHECK_CFLAGS=' '
pkg_cv_CHECK_LIBS='-lcheck  '
pkg_cv_GST_BASE_CFLAGS='-pthread -I/usr/include/gstreamer-0.10 -I/usr/include/glib-2.0 -I/usr/lib64/glib-2.0/include -I/usr/include/libxml2  '
pkg_cv_GST_BASE_LIBS='-pthread -lgstbase-0.10 -lgstreamer-0.10 -lgobject-2.0 -lgmodule-2.0 -lgthread-2.0 -lrt -lxml2 -lglib-2.0  '
pkg_cv_GST_CFLAGS='-pthread -I/usr/include/gstreamer-0.10 -I/usr/include/glib-2.0 -I/usr/lib64/glib-2.0/include -I/usr/include/libxml2  '
pkg_cv_GST_CHECK_CFLAGS='-pthread -I/usr/include/gstreamer-0.10 -I/usr/include/glib-2.0 -I/usr/lib64/glib-2.0/include -I/usr/include/libxml2  '
pkg_cv_GST_CHECK_LIBS='-pthread -lgstcheck-0.10 -lm -lgstreamer-0.10 -lgobject-2.0 -lgmodule-2.0 -lgthread-2.0 -lrt -lxml2 -lglib-2.0  '
pkg_cv_GST_LIBS='-pthread -lgstreamer-0.10 -lgobject-2.0 -lgmodule-2.0 -lgthread-2.0 -lrt -lxml2 -lglib-2.0  '
pkg_cv_GTHREAD_CFLAGS='-pthread -I/usr/include/glib-2.0 -I/usr/lib64/glib-2.0/include  '
pkg_cv_GTHREAD_LIBS='-pthread -lgthread-2.0 -lrt -lglib-2.0  '

## ----------------- ##
## Output variables. ##
## ----------------- ##

ACLOCAL='${SHELL} /home/makerpm/gst-openmax-0.1/build-aux/missing --run aclocal-1.11'
AMDEPBACKSLASH='\'
AMDEP_FALSE='#'
AMDEP_TRUE=''
AMTAR='$${TAR-tar}'
AM_BACKSLASH='\'
AM_DEFAULT_V='$(AM_DEFAULT_VERBOSITY)'
AM_DEFAULT_VERBOSITY='0'
AM_V='$(V)'
AR='ar'
AUTOCONF='${SHELL} /home/makerpm/gst-openmax-0.1/build-aux/missing --run autoconf'
AUTOHEADER='${SHELL} /home/makerpm/gst-openmax-0.1/build-aux/missing --run autoheader'
AUTOMAKE='${SHELL} /home/makerpm/gst-openmax-0.1/build-aux/missing --run automake-1.11'
AWK='gawk'
CC='gcc'
CCASFLAGS=''
CCDEPMODE='depmode=gcc3'
CFLAGS='-g -O2'
CHECK_CFLAGS=' '
CHECK_LIBS='-lcheck  '
CPP='gcc -E'
CPPFLAGS=''
CXXFLAGS=''
CYGPATH_W='echo'
DEFS='-DHAVE_CONFIG_H'
DEPDIR='.deps'
DEPRECATED_CFLAGS='-DGST_DISABLE_DEPRECATED'
DLLTOOL='false'
DSYMUTIL=''
DUMPBIN=''
ECHO_C=''
ECHO_N='-n'
ECHO_T=''
EGREP='/usr/bin/grep -E'
ERROR_CFLAGS='-Wall -Wdeclaration-after-statement -Wvla -Wpointer-arith -Werror'
EXEEXT=''
EXPERIMENTAL_FALSE=''
EXPERIMENTAL_TRUE='#'
FFLAGS=''
FGREP='/usr/bin/grep -F'
GCOV=''
GCOV_CFLAGS=''
GCOV_LIBS=''
GETTEXT_MACRO_VERSION='0.17'
GETTEXT_PACKAGE='gst-openmax-0.10'
GMSGFMT='/usr/bin/msgfmt'
GMSGFMT_015='/usr/bin/msgfmt'
GREP='/usr/bin/grep'
GST_ALL_LDFLAGS='-no-undefined'
GST_BASE_CFLAGS='-pthread -I/usr/include/gstreamer-0.10 -I/usr/include/glib-2.0 -I/usr/lib64/glib-2.0/include -I/usr/include/libxml2  '
GST_BASE_LIBS='-pthread -lgstbase-0.10 -lgstreamer-0.10 -lgobject-2.0 -lgmodule-2.0 -lgthread-2.0 -lrt -lxml2 -lglib-2.0  '
GST_CFLAGS='-I$(top_srcdir)/gst-libs -I$(top_builddir)/gst-libs -pthread -I/usr/include/gstreamer-0.10 -I/usr/include/glib-2.0 -I/usr/lib64/glib-2.0/include -I/usr/include/libxml2   $(GST_OPTION_CFLAGS)'
GST_CHECK_CFLAGS='-pthread -I/usr/include/gstreamer-0.10 -I/usr/include/glib-2.0 -I/usr/lib64/glib-2.0/include -I/usr/include/libxml2  '
GST_CHECK_LIBS='-pthread -lgstcheck-0.10 -lm -lgstreamer-0.10 -lgobject-2.0 -lgmodule-2.0 -lgthread-2.0 -lrt -lxml2 -lglib-2.0  '
GST_GCOV_ENABLED_FALSE=''
GST_GCOV_ENABLED_TRUE='#'
GST_LIBS='-pthread -lgstreamer-0.10 -lgobject-2.0 -lgmodule-2.0 -lgthread-2.0 -lrt -lxml2 -lglib-2.0  '
GST_LICENSE='LGPL'
GST_LT_LDFLAGS=''
GST_OPTION_CFLAGS='$(ERROR_CFLAGS) $(DEBUG_CFLAGS) $(PROFILE_CFLAGS) $(GCOV_CFLAGS) $(OPT_CFLAGS) $(DEPRECATED_CFLAGS)'
GST_PACKAGE_NAME='gst-openmax source release'
GST_PACKAGE_ORIGIN='Unknown package origin'
GST_PLUGINS_DIR='/usr/lib64/gstreamer-0.10'
GST_PLUGIN_LDFLAGS='-module -avoid-version -export-symbols-regex '\''^_*gst_plugin_desc$$'\'' -no-undefined'
GST_TOOLS_DIR='/usr/bin'
GTHREAD_CFLAGS='-pthread -I/usr/include/glib-2.0 -I/usr/lib64/glib-2.0/include  '
GTHREAD_LIBS='-pthread -lgthread-2.0 -lrt -lglib-2.0  '
INSTALL_DATA='${INSTALL} -m 644'
INSTALL_PROGRAM='${INSTALL}'
INSTALL_SCRIPT='${INSTALL}'
INSTALL_STRIP_PROGRAM='$(install_sh) -c -s'
INTLLIBS=''
INTL_MACOSX_LIBS=''
LD='/usr/bin/ld -m elf_x86_64'
LDFLAGS=''
LIBICONV='-liconv'
LIBINTL=''
LIBOBJS=''
LIBS=''
LIBTOOL='$(SHELL) $(top_builddir)/libtool'
LIPO=''
LN_S='ln -s'
LOCALEDIR='/usr/local/share/locale'
LTLIBICONV='-liconv'
LTLIBINTL=''
LTLIBOBJS=''
MAINT=''
MAINTAINER_MODE_FALSE='#'
MAINTAINER_MODE_TRUE=''
MAKEINFO='${SHELL} /home/makerpm/gst-openmax-0.1/build-aux/missing --run makeinfo'
MANIFEST_TOOL=':'
MKDIR_P='/usr/bin/mkdir -p'
MSGFMT='/usr/bin/msgfmt'
MSGFMT_015='/usr/bin/msgfmt'
MSGMERGE='/usr/bin/msgmerge'
NM='/usr/bin/nm -B'
NMEDIT=''
OBJDUMP='objdump'
OBJEXT='o'
OTOOL64=''
OTOOL=''
PACKAGE='gst-openmax'
PACKAGE_BUGREPORT='http://bugzilla.gnome.org/enter_bug.cgi?product=GStreamer&component=gst-openmax'
PACKAGE_NAME='gst-openmax'
PACKAGE_STRING='gst-openmax 0.10.1-22-g97277fc'
PACKAGE_TARNAME='gst-openmax'
PACKAGE_URL=''
PACKAGE_VERSION='0.10.1-22-g97277fc'
PATH_SEPARATOR=':'
PKG_CONFIG='/usr/bin/pkg-config'
PLUGINDIR='/usr/local/lib/gstreamer-0.10'
POSUB='po'
PROFILE_CFLAGS='-g'
RANLIB='ranlib'
SED='/usr/bin/sed'
SET_MAKE=''
SHELL='/bin/sh'
STRIP='strip'
USE_NLS='yes'
VALGRIND_CFLAGS=''
VALGRIND_LIBS=''
VERSION='0.10.1-22-g97277fc'
XGETTEXT='/usr/bin/xgettext'
XGETTEXT_015='/usr/bin/xgettext'
XGETTEXT_EXTRA_OPTIONS=''
ac_ct_AR='ar'
ac_ct_CC='gcc'
ac_ct_DUMPBIN=''
am__EXEEXT_FALSE=''
am__EXEEXT_TRUE='#'
am__fastdepCC_FALSE='#'
am__fastdepCC_TRUE=''
am__include='include'
am__isrc=''
am__leading_dot='.'
am__nodep='_no'
am__quote=''
am__tar='$${TAR-tar} chof - "$$tardir"'
am__untar='$${TAR-tar} xf -'
bindir='${exec_prefix}/bin'
build='x86_64-unknown-linux-gnu'
build_alias=''
build_cpu='x86_64'
build_os='linux-gnu'
build_vendor='unknown'
datadir='${datarootdir}'
datarootdir='${prefix}/share'
docdir='${datarootdir}/doc/${PACKAGE_TARNAME}'
dvidir='${docdir}'
exec_prefix='${prefix}'
host='x86_64-unknown-linux-gnu'
host_alias=''
host_cpu='x86_64'
host_os='linux-gnu'
host_vendor='unknown'
htmldir='${docdir}'
includedir='${prefix}/include'
infodir='${datarootdir}/info'
install_sh='${SHELL} /home/makerpm/gst-openmax-0.1/build-aux/install-sh'
libdir='${exec_prefix}/lib'
libexecdir='${exec_prefix}/libexec'
localedir='${datarootdir}/locale'
localstatedir='${prefix}/var'
mandir='${datarootdir}/man'
mkdir_p='/usr/bin/mkdir -p'
oldincludedir='/usr/include'
pdfdir='${docdir}'
plugindir='$(libdir)/gstreamer-0.10'
prefix='/usr/local'
program_transform_name='s,x,x,'
psdir='${docdir}'
sbindir='${exec_prefix}/sbin'
sharedstatedir='${prefix}/com'
sysconfdir='${prefix}/etc'
target_alias=''

## ----------- ##
## confdefs.h. ##
## ----------- ##

/* confdefs.h */
#define PACKAGE_NAME "gst-openmax"
#define PACKAGE_TARNAME "gst-openmax"
#define PACKAGE_VERSION "0.10.1-22-g97277fc"
#define PACKAGE_STRING "gst-openmax 0.10.1-22-g97277fc"
#define PACKAGE_BUGREPORT "http://bugzilla.gnome.org/enter_bug.cgi?product=GStreamer&component=gst-openmax"
#define PACKAGE_URL ""
#define PACKAGE "gst-openmax"
#define VERSION "0.10.1-22-g97277fc"
#define STDC_HEADERS 1
#define HAVE_SYS_TYPES_H 1
#define HAVE_SYS_STAT_H 1
#define HAVE_STDLIB_H 1
#define HAVE_STRING_H 1
#define HAVE_MEMORY_H 1
#define HAVE_STRINGS_H 1
#define HAVE_INTTYPES_H 1
#define HAVE_STDINT_H 1
#define HAVE_UNISTD_H 1
#define HAVE_DLFCN_H 1
#define LT_OBJDIR ".libs/"
#define ENABLE_NLS 1
#define HAVE_GETTEXT 1
#define HAVE_DCGETTEXT 1
#define GETTEXT_PACKAGE "gst-openmax-0.10"
#define LOCALEDIR "/usr/local/share/locale"
#define GST_PACKAGE_NAME "gst-openmax source release"
#define GST_PACKAGE_ORIGIN "Unknown package origin"
#define GST_LICENSE "LGPL"
#define PLUGINDIR "/usr/local/lib/gstreamer-0.10"

configure: exit 0
